{"meta": {"format": 3, "version": "7.9.2", "timestamp": "2025-07-21T20:30:40.427646", "branch_coverage": true, "show_contexts": false}, "files": {"packages/ipc_client_sdk/ipc_client_sdk/clients/service_client.py": {"executed_lines": [1, 3, 5, 6, 7, 8, 9, 11, 12, 13, 15, 18, 19, 20, 31, 32, 33, 34, 35, 36, 39, 40, 42, 57, 58, 60, 70, 71, 75, 86, 92, 115, 129, 130, 136, 156, 157, 161, 166, 170, 174, 187, 246, 276, 296], "summary": {"covered_lines": 40, "num_statements": 124, "percent_covered": 26.666666666666668, "percent_covered_display": "27", "missing_lines": 84, "excluded_lines": 0, "num_branches": 26, "num_partial_branches": 0, "covered_branches": 0, "missing_branches": 26}, "missing_lines": [52, 53, 54, 66, 67, 68, 73, 77, 78, 80, 81, 82, 83, 84, 88, 89, 90, 105, 106, 108, 109, 110, 111, 112, 113, 122, 123, 125, 126, 149, 150, 151, 152, 153, 154, 159, 163, 164, 168, 172, 177, 178, 181, 182, 183, 185, 207, 208, 211, 214, 221, 225, 226, 229, 230, 231, 232, 235, 236, 238, 255, 256, 259, 264, 269, 272, 273, 274, 285, 286, 288, 294, 311, 312, 314, 315, 316, 317, 318, 319, 320, 322, 323, 324], "excluded_lines": [], "executed_branches": [], "missing_branches": [[77, 78], [77, 80], [88, -86], [88, 89], [105, 106], [105, 108], [122, 123], [122, 125], [177, 178], [177, 181], [181, 182], [181, 185], [207, 208], [207, 211], [225, 226], [225, 229], [230, 231], [230, 235], [255, 256], [255, 259], [272, -246], [272, 273], [285, 286], [285, 288], [311, 312], [311, 314]], "functions": {"ServiceRegistrationError.__init__": {"executed_lines": [], "summary": {"covered_lines": 0, "num_statements": 3, "percent_covered": 0.0, "percent_covered_display": "0", "missing_lines": 3, "excluded_lines": 0, "num_branches": 0, "num_partial_branches": 0, "covered_branches": 0, "missing_branches": 0}, "missing_lines": [52, 53, 54], "excluded_lines": [], "executed_branches": [], "missing_branches": []}, "NATSClient.__init__": {"executed_lines": [], "summary": {"covered_lines": 0, "num_statements": 3, "percent_covered": 0.0, "percent_covered_display": "0", "missing_lines": 3, "excluded_lines": 0, "num_branches": 0, "num_partial_branches": 0, "covered_branches": 0, "missing_branches": 0}, "missing_lines": [66, 67, 68], "excluded_lines": [], "executed_branches": [], "missing_branches": []}, "NATSClient.is_connected": {"executed_lines": [], "summary": {"covered_lines": 0, "num_statements": 1, "percent_covered": 0.0, "percent_covered_display": "0", "missing_lines": 1, "excluded_lines": 0, "num_branches": 0, "num_partial_branches": 0, "covered_branches": 0, "missing_branches": 0}, "missing_lines": [73], "excluded_lines": [], "executed_branches": [], "missing_branches": []}, "NATSClient.connect": {"executed_lines": [], "summary": {"covered_lines": 0, "num_statements": 7, "percent_covered": 0.0, "percent_covered_display": "0", "missing_lines": 7, "excluded_lines": 0, "num_branches": 2, "num_partial_branches": 0, "covered_branches": 0, "missing_branches": 2}, "missing_lines": [77, 78, 80, 81, 82, 83, 84], "excluded_lines": [], "executed_branches": [], "missing_branches": [[77, 78], [77, 80]]}, "NATSClient.disconnect": {"executed_lines": [], "summary": {"covered_lines": 0, "num_statements": 3, "percent_covered": 0.0, "percent_covered_display": "0", "missing_lines": 3, "excluded_lines": 0, "num_branches": 2, "num_partial_branches": 0, "covered_branches": 0, "missing_branches": 2}, "missing_lines": [88, 89, 90], "excluded_lines": [], "executed_branches": [], "missing_branches": [[88, -86], [88, 89]]}, "NATSClient.request": {"executed_lines": [], "summary": {"covered_lines": 0, "num_statements": 8, "percent_covered": 0.0, "percent_covered_display": "0", "missing_lines": 8, "excluded_lines": 0, "num_branches": 2, "num_partial_branches": 0, "covered_branches": 0, "missing_branches": 2}, "missing_lines": [105, 106, 108, 109, 110, 111, 112, 113], "excluded_lines": [], "executed_branches": [], "missing_branches": [[105, 106], [105, 108]]}, "NATSClient.publish": {"executed_lines": [], "summary": {"covered_lines": 0, "num_statements": 4, "percent_covered": 0.0, "percent_covered_display": "0", "missing_lines": 4, "excluded_lines": 0, "num_branches": 2, "num_partial_branches": 0, "covered_branches": 0, "missing_branches": 2}, "missing_lines": [122, 123, 125, 126], "excluded_lines": [], "executed_branches": [], "missing_branches": [[122, 123], [122, 125]]}, "ServiceClient.__init__": {"executed_lines": [], "summary": {"covered_lines": 0, "num_statements": 6, "percent_covered": 0.0, "percent_covered_display": "0", "missing_lines": 6, "excluded_lines": 0, "num_branches": 0, "num_partial_branches": 0, "covered_branches": 0, "missing_branches": 0}, "missing_lines": [149, 150, 151, 152, 153, 154], "excluded_lines": [], "executed_branches": [], "missing_branches": []}, "ServiceClient.is_connected": {"executed_lines": [], "summary": {"covered_lines": 0, "num_statements": 1, "percent_covered": 0.0, "percent_covered_display": "0", "missing_lines": 1, "excluded_lines": 0, "num_branches": 0, "num_partial_branches": 0, "covered_branches": 0, "missing_branches": 0}, "missing_lines": [159], "excluded_lines": [], "executed_branches": [], "missing_branches": []}, "ServiceClient.__aenter__": {"executed_lines": [], "summary": {"covered_lines": 0, "num_statements": 2, "percent_covered": 0.0, "percent_covered_display": "0", "missing_lines": 2, "excluded_lines": 0, "num_branches": 0, "num_partial_branches": 0, "covered_branches": 0, "missing_branches": 0}, "missing_lines": [163, 164], "excluded_lines": [], "executed_branches": [], "missing_branches": []}, "ServiceClient.__aexit__": {"executed_lines": [], "summary": {"covered_lines": 0, "num_statements": 1, "percent_covered": 0.0, "percent_covered_display": "0", "missing_lines": 1, "excluded_lines": 0, "num_branches": 0, "num_partial_branches": 0, "covered_branches": 0, "missing_branches": 0}, "missing_lines": [168], "excluded_lines": [], "executed_branches": [], "missing_branches": []}, "ServiceClient.connect": {"executed_lines": [], "summary": {"covered_lines": 0, "num_statements": 1, "percent_covered": 0.0, "percent_covered_display": "0", "missing_lines": 1, "excluded_lines": 0, "num_branches": 0, "num_partial_branches": 0, "covered_branches": 0, "missing_branches": 0}, "missing_lines": [172], "excluded_lines": [], "executed_branches": [], "missing_branches": []}, "ServiceClient.disconnect": {"executed_lines": [], "summary": {"covered_lines": 0, "num_statements": 6, "percent_covered": 0.0, "percent_covered_display": "0", "missing_lines": 6, "excluded_lines": 0, "num_branches": 4, "num_partial_branches": 0, "covered_branches": 0, "missing_branches": 4}, "missing_lines": [177, 178, 181, 182, 183, 185], "excluded_lines": [], "executed_branches": [], "missing_branches": [[177, 178], [177, 181], [181, 182], [181, 185]]}, "ServiceClient.register": {"executed_lines": [], "summary": {"covered_lines": 0, "num_statements": 14, "percent_covered": 0.0, "percent_covered_display": "0", "missing_lines": 14, "excluded_lines": 0, "num_branches": 6, "num_partial_branches": 0, "covered_branches": 0, "missing_branches": 6}, "missing_lines": [207, 208, 211, 214, 221, 225, 226, 229, 230, 231, 232, 235, 236, 238], "excluded_lines": [], "executed_branches": [], "missing_branches": [[207, 208], [207, 211], [225, 226], [225, 229], [230, 231], [230, 235]]}, "ServiceClient.unregister": {"executed_lines": [], "summary": {"covered_lines": 0, "num_statements": 8, "percent_covered": 0.0, "percent_covered_display": "0", "missing_lines": 8, "excluded_lines": 0, "num_branches": 4, "num_partial_branches": 0, "covered_branches": 0, "missing_branches": 4}, "missing_lines": [255, 256, 259, 264, 269, 272, 273, 274], "excluded_lines": [], "executed_branches": [], "missing_branches": [[255, 256], [255, 259], [272, -246], [272, 273]]}, "ServiceClient.heartbeat": {"executed_lines": [], "summary": {"covered_lines": 0, "num_statements": 4, "percent_covered": 0.0, "percent_covered_display": "0", "missing_lines": 4, "excluded_lines": 0, "num_branches": 2, "num_partial_branches": 0, "covered_branches": 0, "missing_branches": 2}, "missing_lines": [285, 286, 288, 294], "excluded_lines": [], "executed_branches": [], "missing_branches": [[285, 286], [285, 288]]}, "ServiceClient.start_heartbeat": {"executed_lines": [], "summary": {"covered_lines": 0, "num_statements": 6, "percent_covered": 0.0, "percent_covered_display": "0", "missing_lines": 6, "excluded_lines": 0, "num_branches": 2, "num_partial_branches": 0, "covered_branches": 0, "missing_branches": 2}, "missing_lines": [311, 312, 314, 322, 323, 324], "excluded_lines": [], "executed_branches": [], "missing_branches": [[311, 312], [311, 314]]}, "ServiceClient.start_heartbeat.heartbeat_loop": {"executed_lines": [], "summary": {"covered_lines": 0, "num_statements": 6, "percent_covered": 0.0, "percent_covered_display": "0", "missing_lines": 6, "excluded_lines": 0, "num_branches": 0, "num_partial_branches": 0, "covered_branches": 0, "missing_branches": 0}, "missing_lines": [315, 316, 317, 318, 319, 320], "excluded_lines": [], "executed_branches": [], "missing_branches": []}, "": {"executed_lines": [1, 3, 5, 6, 7, 8, 9, 11, 12, 13, 15, 18, 19, 20, 31, 32, 33, 34, 35, 36, 39, 40, 42, 57, 58, 60, 70, 71, 75, 86, 92, 115, 129, 130, 136, 156, 157, 161, 166, 170, 174, 187, 246, 276, 296], "summary": {"covered_lines": 40, "num_statements": 40, "percent_covered": 100.0, "percent_covered_display": "100", "missing_lines": 0, "excluded_lines": 0, "num_branches": 0, "num_partial_branches": 0, "covered_branches": 0, "missing_branches": 0}, "missing_lines": [], "excluded_lines": [], "executed_branches": [], "missing_branches": []}}, "classes": {"ServiceClientConfig": {"executed_lines": [], "summary": {"covered_lines": 0, "num_statements": 0, "percent_covered": 100.0, "percent_covered_display": "100", "missing_lines": 0, "excluded_lines": 0, "num_branches": 0, "num_partial_branches": 0, "covered_branches": 0, "missing_branches": 0}, "missing_lines": [], "excluded_lines": [], "executed_branches": [], "missing_branches": []}, "ServiceRegistrationError": {"executed_lines": [], "summary": {"covered_lines": 0, "num_statements": 3, "percent_covered": 0.0, "percent_covered_display": "0", "missing_lines": 3, "excluded_lines": 0, "num_branches": 0, "num_partial_branches": 0, "covered_branches": 0, "missing_branches": 0}, "missing_lines": [52, 53, 54], "excluded_lines": [], "executed_branches": [], "missing_branches": []}, "NATSClient": {"executed_lines": [], "summary": {"covered_lines": 0, "num_statements": 26, "percent_covered": 0.0, "percent_covered_display": "0", "missing_lines": 26, "excluded_lines": 0, "num_branches": 8, "num_partial_branches": 0, "covered_branches": 0, "missing_branches": 8}, "missing_lines": [66, 67, 68, 73, 77, 78, 80, 81, 82, 83, 84, 88, 89, 90, 105, 106, 108, 109, 110, 111, 112, 113, 122, 123, 125, 126], "excluded_lines": [], "executed_branches": [], "missing_branches": [[77, 78], [77, 80], [88, -86], [88, 89], [105, 106], [105, 108], [122, 123], [122, 125]]}, "ServiceClient": {"executed_lines": [], "summary": {"covered_lines": 0, "num_statements": 55, "percent_covered": 0.0, "percent_covered_display": "0", "missing_lines": 55, "excluded_lines": 0, "num_branches": 18, "num_partial_branches": 0, "covered_branches": 0, "missing_branches": 18}, "missing_lines": [149, 150, 151, 152, 153, 154, 159, 163, 164, 168, 172, 177, 178, 181, 182, 183, 185, 207, 208, 211, 214, 221, 225, 226, 229, 230, 231, 232, 235, 236, 238, 255, 256, 259, 264, 269, 272, 273, 274, 285, 286, 288, 294, 311, 312, 314, 315, 316, 317, 318, 319, 320, 322, 323, 324], "excluded_lines": [], "executed_branches": [], "missing_branches": [[177, 178], [177, 181], [181, 182], [181, 185], [207, 208], [207, 211], [225, 226], [225, 229], [230, 231], [230, 235], [255, 256], [255, 259], [272, -246], [272, 273], [285, 286], [285, 288], [311, 312], [311, 314]]}, "": {"executed_lines": [1, 3, 5, 6, 7, 8, 9, 11, 12, 13, 15, 18, 19, 20, 31, 32, 33, 34, 35, 36, 39, 40, 42, 57, 58, 60, 70, 71, 75, 86, 92, 115, 129, 130, 136, 156, 157, 161, 166, 170, 174, 187, 246, 276, 296], "summary": {"covered_lines": 40, "num_statements": 40, "percent_covered": 100.0, "percent_covered_display": "100", "missing_lines": 0, "excluded_lines": 0, "num_branches": 0, "num_partial_branches": 0, "covered_branches": 0, "missing_branches": 0}, "missing_lines": [], "excluded_lines": [], "executed_branches": [], "missing_branches": []}}}, "packages/ipc_client_sdk/ipc_client_sdk/models/service_models.py": {"executed_lines": [1, 3, 5, 6, 8, 11, 12, 20, 21, 22, 24, 25, 26, 32, 33, 34, 40, 51, 52, 62, 63, 64, 65, 66, 68, 81, 82, 92, 93, 94, 95, 96, 99, 100, 109, 110, 111, 112, 114, 115, 119, 120, 125, 126, 133, 134, 136], "summary": {"covered_lines": 41, "num_statements": 49, "percent_covered": 77.35849056603773, "percent_covered_display": "77", "missing_lines": 8, "excluded_lines": 0, "num_branches": 4, "num_partial_branches": 0, "covered_branches": 0, "missing_branches": 4}, "missing_lines": [28, 29, 30, 36, 37, 38, 117, 122], "excluded_lines": [], "executed_branches": [], "missing_branches": [[28, 29], [28, 30], [36, 37], [36, 38]], "functions": {"ServiceRegistrationRequest.validate_non_empty": {"executed_lines": [], "summary": {"covered_lines": 0, "num_statements": 3, "percent_covered": 0.0, "percent_covered_display": "0", "missing_lines": 3, "excluded_lines": 0, "num_branches": 2, "num_partial_branches": 0, "covered_branches": 0, "missing_branches": 2}, "missing_lines": [28, 29, 30], "excluded_lines": [], "executed_branches": [], "missing_branches": [[28, 29], [28, 30]]}, "ServiceRegistrationRequest.validate_instance_id": {"executed_lines": [], "summary": {"covered_lines": 0, "num_statements": 3, "percent_covered": 0.0, "percent_covered_display": "0", "missing_lines": 3, "excluded_lines": 0, "num_branches": 2, "num_partial_branches": 0, "covered_branches": 0, "missing_branches": 2}, "missing_lines": [36, 37, 38], "excluded_lines": [], "executed_branches": [], "missing_branches": [[36, 37], [36, 38]]}, "ServiceInfo.instance_count": {"executed_lines": [], "summary": {"covered_lines": 0, "num_statements": 1, "percent_covered": 0.0, "percent_covered_display": "0", "missing_lines": 1, "excluded_lines": 0, "num_branches": 0, "num_partial_branches": 0, "covered_branches": 0, "missing_branches": 0}, "missing_lines": [117], "excluded_lines": [], "executed_branches": [], "missing_branches": []}, "ServiceInfo.healthy_instance_count": {"executed_lines": [], "summary": {"covered_lines": 0, "num_statements": 1, "percent_covered": 0.0, "percent_covered_display": "0", "missing_lines": 1, "excluded_lines": 0, "num_branches": 0, "num_partial_branches": 0, "covered_branches": 0, "missing_branches": 0}, "missing_lines": [122], "excluded_lines": [], "executed_branches": [], "missing_branches": []}, "": {"executed_lines": [1, 3, 5, 6, 8, 11, 12, 20, 21, 22, 24, 25, 26, 32, 33, 34, 40, 51, 52, 62, 63, 64, 65, 66, 68, 81, 82, 92, 93, 94, 95, 96, 99, 100, 109, 110, 111, 112, 114, 115, 119, 120, 125, 126, 133, 134, 136], "summary": {"covered_lines": 41, "num_statements": 41, "percent_covered": 100.0, "percent_covered_display": "100", "missing_lines": 0, "excluded_lines": 0, "num_branches": 0, "num_partial_branches": 0, "covered_branches": 0, "missing_branches": 0}, "missing_lines": [], "excluded_lines": [], "executed_branches": [], "missing_branches": []}}, "classes": {"ServiceRegistrationRequest": {"executed_lines": [], "summary": {"covered_lines": 0, "num_statements": 6, "percent_covered": 0.0, "percent_covered_display": "0", "missing_lines": 6, "excluded_lines": 0, "num_branches": 4, "num_partial_branches": 0, "covered_branches": 0, "missing_branches": 4}, "missing_lines": [28, 29, 30, 36, 37, 38], "excluded_lines": [], "executed_branches": [], "missing_branches": [[28, 29], [28, 30], [36, 37], [36, 38]]}, "ServiceRegistrationResponse": {"executed_lines": [], "summary": {"covered_lines": 0, "num_statements": 0, "percent_covered": 100.0, "percent_covered_display": "100", "missing_lines": 0, "excluded_lines": 0, "num_branches": 0, "num_partial_branches": 0, "covered_branches": 0, "missing_branches": 0}, "missing_lines": [], "excluded_lines": [], "executed_branches": [], "missing_branches": []}, "ServiceInstanceInfo": {"executed_lines": [], "summary": {"covered_lines": 0, "num_statements": 0, "percent_covered": 100.0, "percent_covered_display": "100", "missing_lines": 0, "excluded_lines": 0, "num_branches": 0, "num_partial_branches": 0, "covered_branches": 0, "missing_branches": 0}, "missing_lines": [], "excluded_lines": [], "executed_branches": [], "missing_branches": []}, "ServiceInfo": {"executed_lines": [], "summary": {"covered_lines": 0, "num_statements": 2, "percent_covered": 0.0, "percent_covered_display": "0", "missing_lines": 2, "excluded_lines": 0, "num_branches": 0, "num_partial_branches": 0, "covered_branches": 0, "missing_branches": 0}, "missing_lines": [117, 122], "excluded_lines": [], "executed_branches": [], "missing_branches": []}, "ServiceListResponse": {"executed_lines": [], "summary": {"covered_lines": 0, "num_statements": 0, "percent_covered": 100.0, "percent_covered_display": "100", "missing_lines": 0, "excluded_lines": 0, "num_branches": 0, "num_partial_branches": 0, "covered_branches": 0, "missing_branches": 0}, "missing_lines": [], "excluded_lines": [], "executed_branches": [], "missing_branches": []}, "": {"executed_lines": [1, 3, 5, 6, 8, 11, 12, 20, 21, 22, 24, 25, 26, 32, 33, 34, 40, 51, 52, 62, 63, 64, 65, 66, 68, 81, 82, 92, 93, 94, 95, 96, 99, 100, 109, 110, 111, 112, 114, 115, 119, 120, 125, 126, 133, 134, 136], "summary": {"covered_lines": 41, "num_statements": 41, "percent_covered": 100.0, "percent_covered_display": "100", "missing_lines": 0, "excluded_lines": 0, "num_branches": 0, "num_partial_branches": 0, "covered_branches": 0, "missing_branches": 0}, "missing_lines": [], "excluded_lines": [], "executed_branches": [], "missing_branches": []}}}, "packages/ipc_router/ipc_router/api/admin/services_api.py": {"executed_lines": [1, 3, 5, 6, 7, 9, 10, 11, 13, 16, 175], "summary": {"covered_lines": 10, "num_statements": 48, "percent_covered": 20.833333333333332, "percent_covered_display": "21", "missing_lines": 38, "excluded_lines": 0, "num_branches": 0, "num_partial_branches": 0, "covered_branches": 0, "missing_branches": 0}, "missing_lines": [25, 34, 40, 46, 47, 48, 50, 58, 60, 61, 65, 70, 82, 94, 95, 100, 102, 110, 112, 113, 117, 121, 122, 127, 132, 137, 143, 144, 147, 149, 159, 160, 164, 172, 184, 187, 188, 190], "excluded_lines": [], "executed_branches": [], "missing_branches": [], "functions": {"create_services_router": {"executed_lines": [], "summary": {"covered_lines": 0, "num_statements": 8, "percent_covered": 0.0, "percent_covered_display": "0", "missing_lines": 8, "excluded_lines": 0, "num_branches": 0, "num_partial_branches": 0, "covered_branches": 0, "missing_branches": 0}, "missing_lines": [25, 34, 40, 70, 82, 132, 137, 172], "excluded_lines": [], "executed_branches": [], "missing_branches": []}, "create_services_router.list_services": {"executed_lines": [], "summary": {"covered_lines": 0, "num_statements": 8, "percent_covered": 0.0, "percent_covered_display": "0", "missing_lines": 8, "excluded_lines": 0, "num_branches": 0, "num_partial_branches": 0, "covered_branches": 0, "missing_branches": 0}, "missing_lines": [46, 47, 48, 50, 58, 60, 61, 65], "excluded_lines": [], "executed_branches": [], "missing_branches": []}, "create_services_router.get_service": {"executed_lines": [], "summary": {"covered_lines": 0, "num_statements": 11, "percent_covered": 0.0, "percent_covered_display": "0", "missing_lines": 11, "excluded_lines": 0, "num_branches": 0, "num_partial_branches": 0, "covered_branches": 0, "missing_branches": 0}, "missing_lines": [94, 95, 100, 102, 110, 112, 113, 117, 121, 122, 127], "excluded_lines": [], "executed_branches": [], "missing_branches": []}, "create_services_router.check_health": {"executed_lines": [], "summary": {"covered_lines": 0, "num_statements": 7, "percent_covered": 0.0, "percent_covered_display": "0", "missing_lines": 7, "excluded_lines": 0, "num_branches": 0, "num_partial_branches": 0, "covered_branches": 0, "missing_branches": 0}, "missing_lines": [143, 144, 147, 149, 159, 160, 164], "excluded_lines": [], "executed_branches": [], "missing_branches": []}, "create_admin_router": {"executed_lines": [], "summary": {"covered_lines": 0, "num_statements": 4, "percent_covered": 0.0, "percent_covered_display": "0", "missing_lines": 4, "excluded_lines": 0, "num_branches": 0, "num_partial_branches": 0, "covered_branches": 0, "missing_branches": 0}, "missing_lines": [184, 187, 188, 190], "excluded_lines": [], "executed_branches": [], "missing_branches": []}, "": {"executed_lines": [1, 3, 5, 6, 7, 9, 10, 11, 13, 16, 175], "summary": {"covered_lines": 10, "num_statements": 10, "percent_covered": 100.0, "percent_covered_display": "100", "missing_lines": 0, "excluded_lines": 0, "num_branches": 0, "num_partial_branches": 0, "covered_branches": 0, "missing_branches": 0}, "missing_lines": [], "excluded_lines": [], "executed_branches": [], "missing_branches": []}}, "classes": {"": {"executed_lines": [1, 3, 5, 6, 7, 9, 10, 11, 13, 16, 175], "summary": {"covered_lines": 10, "num_statements": 48, "percent_covered": 20.833333333333332, "percent_covered_display": "21", "missing_lines": 38, "excluded_lines": 0, "num_branches": 0, "num_partial_branches": 0, "covered_branches": 0, "missing_branches": 0}, "missing_lines": [25, 34, 40, 46, 47, 48, 50, 58, 60, 61, 65, 70, 82, 94, 95, 100, 102, 110, 112, 113, 117, 121, 122, 127, 132, 137, 143, 144, 147, 149, 159, 160, 164, 172, 184, 187, 188, 190], "excluded_lines": [], "executed_branches": [], "missing_branches": []}}}, "packages/ipc_router/ipc_router/application/error_handling.py": {"executed_lines": [1, 7, 8, 9, 10, 11, 12, 14, 16, 21, 24, 26, 28, 29, 32, 33, 35, 36, 37, 40, 41, 43, 44, 45, 46, 47, 48, 54, 79, 143, 144, 146, 147, 148, 151, 152, 166, 192, 193, 197, 198, 202, 210, 224, 256, 281, 282, 299, 303, 307, 311, 312, 316, 317, 321, 336], "summary": {"covered_lines": 50, "num_statements": 166, "percent_covered": 24.03846153846154, "percent_covered_display": "24", "missing_lines": 116, "excluded_lines": 0, "num_branches": 42, "num_partial_branches": 0, "covered_branches": 0, "missing_branches": 42}, "missing_lines": [59, 60, 61, 62, 64, 67, 70, 71, 73, 74, 76, 89, 90, 92, 93, 94, 95, 97, 98, 99, 100, 101, 102, 103, 111, 113, 114, 124, 125, 127, 131, 134, 135, 136, 138, 140, 182, 183, 184, 185, 187, 188, 189, 190, 195, 200, 204, 205, 207, 208, 212, 213, 214, 215, 216, 218, 222, 231, 232, 234, 235, 236, 237, 238, 239, 241, 242, 244, 245, 248, 249, 250, 251, 253, 275, 276, 277, 278, 301, 305, 309, 314, 319, 323, 324, 326, 327, 328, 329, 331, 332, 340, 341, 343, 345, 346, 347, 350, 352, 353, 355, 356, 359, 360, 365, 366, 369, 370, 372, 373, 375, 376, 377, 378, 380, 381], "excluded_lines": [], "executed_branches": [], "missing_branches": [[59, 60], [59, 61], [61, 62], [61, 64], [70, 71], [70, 76], [89, 90], [89, 92], [97, 98], [97, 134], [102, 103], [102, 113], [134, 135], [134, 136], [204, 205], [204, 207], [213, 214], [213, 222], [214, 215], [214, 218], [232, 234], [232, 239], [234, 235], [234, 253], [239, 241], [239, 253], [244, 245], [244, 249], [249, 250], [249, 253], [323, 324], [323, 326], [327, 328], [327, 331], [345, 346], [345, 347], [372, 373], [372, 380], [375, 372], [375, 376], [380, -336], [380, 381]], "functions": {"calculate_retry_delay": {"executed_lines": [], "summary": {"covered_lines": 0, "num_statements": 11, "percent_covered": 0.0, "percent_covered_display": "0", "missing_lines": 11, "excluded_lines": 0, "num_branches": 6, "num_partial_branches": 0, "covered_branches": 0, "missing_branches": 6}, "missing_lines": [59, 60, 61, 62, 64, 67, 70, 71, 73, 74, 76], "excluded_lines": [], "executed_branches": [], "missing_branches": [[59, 60], [59, 61], [61, 62], [61, 64], [70, 71], [70, 76]]}, "with_retry": {"executed_lines": [], "summary": {"covered_lines": 0, "num_statements": 5, "percent_covered": 0.0, "percent_covered_display": "0", "missing_lines": 5, "excluded_lines": 0, "num_branches": 2, "num_partial_branches": 0, "covered_branches": 0, "missing_branches": 2}, "missing_lines": [89, 90, 92, 93, 140], "excluded_lines": [], "executed_branches": [], "missing_branches": [[89, 90], [89, 92]]}, "with_retry.decorator": {"executed_lines": [], "summary": {"covered_lines": 0, "num_statements": 2, "percent_covered": 0.0, "percent_covered_display": "0", "missing_lines": 2, "excluded_lines": 0, "num_branches": 0, "num_partial_branches": 0, "covered_branches": 0, "missing_branches": 0}, "missing_lines": [94, 138], "excluded_lines": [], "executed_branches": [], "missing_branches": []}, "with_retry.decorator.wrapper": {"executed_lines": [], "summary": {"covered_lines": 0, "num_statements": 18, "percent_covered": 0.0, "percent_covered_display": "0", "missing_lines": 18, "excluded_lines": 0, "num_branches": 6, "num_partial_branches": 0, "covered_branches": 0, "missing_branches": 6}, "missing_lines": [95, 97, 98, 99, 100, 101, 102, 103, 111, 113, 114, 124, 125, 127, 131, 134, 135, 136], "excluded_lines": [], "executed_branches": [], "missing_branches": [[97, 98], [97, 134], [102, 103], [102, 113], [134, 135], [134, 136]]}, "CircuitBreaker.__init__": {"executed_lines": [], "summary": {"covered_lines": 0, "num_statements": 8, "percent_covered": 0.0, "percent_covered_display": "0", "missing_lines": 8, "excluded_lines": 0, "num_branches": 0, "num_partial_branches": 0, "covered_branches": 0, "missing_branches": 0}, "missing_lines": [182, 183, 184, 185, 187, 188, 189, 190], "excluded_lines": [], "executed_branches": [], "missing_branches": []}, "CircuitBreaker.state": {"executed_lines": [], "summary": {"covered_lines": 0, "num_statements": 1, "percent_covered": 0.0, "percent_covered_display": "0", "missing_lines": 1, "excluded_lines": 0, "num_branches": 0, "num_partial_branches": 0, "covered_branches": 0, "missing_branches": 0}, "missing_lines": [195], "excluded_lines": [], "executed_branches": [], "missing_branches": []}, "CircuitBreaker.failure_count": {"executed_lines": [], "summary": {"covered_lines": 0, "num_statements": 1, "percent_covered": 0.0, "percent_covered_display": "0", "missing_lines": 1, "excluded_lines": 0, "num_branches": 0, "num_partial_branches": 0, "covered_branches": 0, "missing_branches": 0}, "missing_lines": [200], "excluded_lines": [], "executed_branches": [], "missing_branches": []}, "CircuitBreaker._should_attempt_reset": {"executed_lines": [], "summary": {"covered_lines": 0, "num_statements": 4, "percent_covered": 0.0, "percent_covered_display": "0", "missing_lines": 4, "excluded_lines": 0, "num_branches": 2, "num_partial_branches": 0, "covered_branches": 0, "missing_branches": 2}, "missing_lines": [204, 205, 207, 208], "excluded_lines": [], "executed_branches": [], "missing_branches": [[204, 205], [204, 207]]}, "CircuitBreaker.__aenter__": {"executed_lines": [], "summary": {"covered_lines": 0, "num_statements": 7, "percent_covered": 0.0, "percent_covered_display": "0", "missing_lines": 7, "excluded_lines": 0, "num_branches": 4, "num_partial_branches": 0, "covered_branches": 0, "missing_branches": 4}, "missing_lines": [212, 213, 214, 215, 216, 218, 222], "excluded_lines": [], "executed_branches": [], "missing_branches": [[213, 214], [213, 222], [214, 215], [214, 218]]}, "CircuitBreaker.__aexit__": {"executed_lines": [], "summary": {"covered_lines": 0, "num_statements": 17, "percent_covered": 0.0, "percent_covered_display": "0", "missing_lines": 17, "excluded_lines": 0, "num_branches": 10, "num_partial_branches": 0, "covered_branches": 0, "missing_branches": 10}, "missing_lines": [231, 232, 234, 235, 236, 237, 238, 239, 241, 242, 244, 245, 248, 249, 250, 251, 253], "excluded_lines": [], "executed_branches": [], "missing_branches": [[232, 234], [232, 239], [234, 235], [234, 253], [239, 241], [239, 253], [244, 245], [244, 249], [249, 250], [249, 253]]}, "with_timeout": {"executed_lines": [], "summary": {"covered_lines": 0, "num_statements": 4, "percent_covered": 0.0, "percent_covered_display": "0", "missing_lines": 4, "excluded_lines": 0, "num_branches": 0, "num_partial_branches": 0, "covered_branches": 0, "missing_branches": 0}, "missing_lines": [275, 276, 277, 278], "excluded_lines": [], "executed_branches": [], "missing_branches": []}, "ErrorAggregator.__init__": {"executed_lines": [], "summary": {"covered_lines": 0, "num_statements": 1, "percent_covered": 0.0, "percent_covered_display": "0", "missing_lines": 1, "excluded_lines": 0, "num_branches": 0, "num_partial_branches": 0, "covered_branches": 0, "missing_branches": 0}, "missing_lines": [301], "excluded_lines": [], "executed_branches": [], "missing_branches": []}, "ErrorAggregator.add_error": {"executed_lines": [], "summary": {"covered_lines": 0, "num_statements": 1, "percent_covered": 0.0, "percent_covered_display": "0", "missing_lines": 1, "excluded_lines": 0, "num_branches": 0, "num_partial_branches": 0, "covered_branches": 0, "missing_branches": 0}, "missing_lines": [305], "excluded_lines": [], "executed_branches": [], "missing_branches": []}, "ErrorAggregator.has_errors": {"executed_lines": [], "summary": {"covered_lines": 0, "num_statements": 1, "percent_covered": 0.0, "percent_covered_display": "0", "missing_lines": 1, "excluded_lines": 0, "num_branches": 0, "num_partial_branches": 0, "covered_branches": 0, "missing_branches": 0}, "missing_lines": [309], "excluded_lines": [], "executed_branches": [], "missing_branches": []}, "ErrorAggregator.error_count": {"executed_lines": [], "summary": {"covered_lines": 0, "num_statements": 1, "percent_covered": 0.0, "percent_covered_display": "0", "missing_lines": 1, "excluded_lines": 0, "num_branches": 0, "num_partial_branches": 0, "covered_branches": 0, "missing_branches": 0}, "missing_lines": [314], "excluded_lines": [], "executed_branches": [], "missing_branches": []}, "ErrorAggregator.errors": {"executed_lines": [], "summary": {"covered_lines": 0, "num_statements": 1, "percent_covered": 0.0, "percent_covered_display": "0", "missing_lines": 1, "excluded_lines": 0, "num_branches": 0, "num_partial_branches": 0, "covered_branches": 0, "missing_branches": 0}, "missing_lines": [319], "excluded_lines": [], "executed_branches": [], "missing_branches": []}, "ErrorAggregator.get_summary": {"executed_lines": [], "summary": {"covered_lines": 0, "num_statements": 8, "percent_covered": 0.0, "percent_covered_display": "0", "missing_lines": 8, "excluded_lines": 0, "num_branches": 4, "num_partial_branches": 0, "covered_branches": 0, "missing_branches": 4}, "missing_lines": [323, 324, 326, 327, 328, 329, 331, 332], "excluded_lines": [], "executed_branches": [], "missing_branches": [[323, 324], [323, 326], [327, 328], [327, 331]]}, "example_error_handling": {"executed_lines": [], "summary": {"covered_lines": 0, "num_statements": 18, "percent_covered": 0.0, "percent_covered_display": "0", "missing_lines": 18, "excluded_lines": 0, "num_branches": 6, "num_partial_branches": 0, "covered_branches": 0, "missing_branches": 6}, "missing_lines": [340, 341, 350, 352, 359, 360, 365, 366, 369, 370, 372, 373, 375, 376, 377, 378, 380, 381], "excluded_lines": [], "executed_branches": [], "missing_branches": [[372, 373], [372, 380], [375, 372], [375, 376], [380, -336], [380, 381]]}, "example_error_handling.flaky_service_call": {"executed_lines": [], "summary": {"covered_lines": 0, "num_statements": 4, "percent_covered": 0.0, "percent_covered_display": "0", "missing_lines": 4, "excluded_lines": 0, "num_branches": 2, "num_partial_branches": 0, "covered_branches": 0, "missing_branches": 2}, "missing_lines": [343, 345, 346, 347], "excluded_lines": [], "executed_branches": [], "missing_branches": [[345, 346], [345, 347]]}, "example_error_handling.protected_call": {"executed_lines": [], "summary": {"covered_lines": 0, "num_statements": 3, "percent_covered": 0.0, "percent_covered_display": "0", "missing_lines": 3, "excluded_lines": 0, "num_branches": 0, "num_partial_branches": 0, "covered_branches": 0, "missing_branches": 0}, "missing_lines": [353, 355, 356], "excluded_lines": [], "executed_branches": [], "missing_branches": []}, "": {"executed_lines": [1, 7, 8, 9, 10, 11, 12, 14, 16, 21, 24, 26, 28, 29, 32, 33, 35, 36, 37, 40, 41, 43, 44, 45, 46, 47, 48, 54, 79, 143, 144, 146, 147, 148, 151, 152, 166, 192, 193, 197, 198, 202, 210, 224, 256, 281, 282, 299, 303, 307, 311, 312, 316, 317, 321, 336], "summary": {"covered_lines": 50, "num_statements": 50, "percent_covered": 100.0, "percent_covered_display": "100", "missing_lines": 0, "excluded_lines": 0, "num_branches": 0, "num_partial_branches": 0, "covered_branches": 0, "missing_branches": 0}, "missing_lines": [], "excluded_lines": [], "executed_branches": [], "missing_branches": []}}, "classes": {"RetryStrategy": {"executed_lines": [], "summary": {"covered_lines": 0, "num_statements": 0, "percent_covered": 100.0, "percent_covered_display": "100", "missing_lines": 0, "excluded_lines": 0, "num_branches": 0, "num_partial_branches": 0, "covered_branches": 0, "missing_branches": 0}, "missing_lines": [], "excluded_lines": [], "executed_branches": [], "missing_branches": []}, "RetryConfig": {"executed_lines": [], "summary": {"covered_lines": 0, "num_statements": 0, "percent_covered": 100.0, "percent_covered_display": "100", "missing_lines": 0, "excluded_lines": 0, "num_branches": 0, "num_partial_branches": 0, "covered_branches": 0, "missing_branches": 0}, "missing_lines": [], "excluded_lines": [], "executed_branches": [], "missing_branches": []}, "CircuitBreakerState": {"executed_lines": [], "summary": {"covered_lines": 0, "num_statements": 0, "percent_covered": 100.0, "percent_covered_display": "100", "missing_lines": 0, "excluded_lines": 0, "num_branches": 0, "num_partial_branches": 0, "covered_branches": 0, "missing_branches": 0}, "missing_lines": [], "excluded_lines": [], "executed_branches": [], "missing_branches": []}, "CircuitBreaker": {"executed_lines": [], "summary": {"covered_lines": 0, "num_statements": 38, "percent_covered": 0.0, "percent_covered_display": "0", "missing_lines": 38, "excluded_lines": 0, "num_branches": 16, "num_partial_branches": 0, "covered_branches": 0, "missing_branches": 16}, "missing_lines": [182, 183, 184, 185, 187, 188, 189, 190, 195, 200, 204, 205, 207, 208, 212, 213, 214, 215, 216, 218, 222, 231, 232, 234, 235, 236, 237, 238, 239, 241, 242, 244, 245, 248, 249, 250, 251, 253], "excluded_lines": [], "executed_branches": [], "missing_branches": [[204, 205], [204, 207], [213, 214], [213, 222], [214, 215], [214, 218], [232, 234], [232, 239], [234, 235], [234, 253], [239, 241], [239, 253], [244, 245], [244, 249], [249, 250], [249, 253]]}, "ErrorAggregator": {"executed_lines": [], "summary": {"covered_lines": 0, "num_statements": 13, "percent_covered": 0.0, "percent_covered_display": "0", "missing_lines": 13, "excluded_lines": 0, "num_branches": 4, "num_partial_branches": 0, "covered_branches": 0, "missing_branches": 4}, "missing_lines": [301, 305, 309, 314, 319, 323, 324, 326, 327, 328, 329, 331, 332], "excluded_lines": [], "executed_branches": [], "missing_branches": [[323, 324], [323, 326], [327, 328], [327, 331]]}, "": {"executed_lines": [1, 7, 8, 9, 10, 11, 12, 14, 16, 21, 24, 26, 28, 29, 32, 33, 35, 36, 37, 40, 41, 43, 44, 45, 46, 47, 48, 54, 79, 143, 144, 146, 147, 148, 151, 152, 166, 192, 193, 197, 198, 202, 210, 224, 256, 281, 282, 299, 303, 307, 311, 312, 316, 317, 321, 336], "summary": {"covered_lines": 50, "num_statements": 115, "percent_covered": 36.496350364963504, "percent_covered_display": "36", "missing_lines": 65, "excluded_lines": 0, "num_branches": 22, "num_partial_branches": 0, "covered_branches": 0, "missing_branches": 22}, "missing_lines": [59, 60, 61, 62, 64, 67, 70, 71, 73, 74, 76, 89, 90, 92, 93, 94, 95, 97, 98, 99, 100, 101, 102, 103, 111, 113, 114, 124, 125, 127, 131, 134, 135, 136, 138, 140, 275, 276, 277, 278, 340, 341, 343, 345, 346, 347, 350, 352, 353, 355, 356, 359, 360, 365, 366, 369, 370, 372, 373, 375, 376, 377, 378, 380, 381], "excluded_lines": [], "executed_branches": [], "missing_branches": [[59, 60], [59, 61], [61, 62], [61, 64], [70, 71], [70, 76], [89, 90], [89, 92], [97, 98], [97, 134], [102, 103], [102, 113], [134, 135], [134, 136], [345, 346], [345, 347], [372, 373], [372, 380], [375, 372], [375, 376], [380, -336], [380, 381]]}}}, "packages/ipc_router/ipc_router/application/services/service_registry.py": {"executed_lines": [1, 3, 5, 6, 7, 9, 17, 18, 19, 20, 22, 25, 26, 32, 38, 117, 155, 198, 235, 280], "summary": {"covered_lines": 18, "num_statements": 84, "percent_covered": 16.9811320754717, "percent_covered_display": "17", "missing_lines": 66, "excluded_lines": 0, "num_branches": 22, "num_partial_branches": 0, "covered_branches": 0, "missing_branches": 22}, "missing_lines": [34, 35, 36, 52, 53, 54, 57, 58, 62, 70, 73, 74, 81, 87, 88, 97, 99, 109, 129, 130, 131, 136, 137, 148, 161, 162, 164, 165, 176, 185, 193, 208, 209, 210, 215, 216, 218, 219, 224, 226, 245, 246, 247, 252, 253, 255, 256, 262, 263, 264, 269, 289, 290, 291, 292, 293, 295, 296, 297, 299, 300, 302, 303, 311, 321, 326], "excluded_lines": [], "executed_branches": [], "missing_branches": [[57, 58], [57, 70], [73, 74], [73, 87], [130, 131], [130, 136], [164, 165], [164, 185], [209, 210], [209, 215], [218, 219], [218, 224], [246, 247], [246, 252], [255, 256], [255, 262], [262, 263], [262, 269], [295, 296], [295, 311], [302, 295], [302, 303]], "functions": {"ServiceRegistry.__init__": {"executed_lines": [], "summary": {"covered_lines": 0, "num_statements": 3, "percent_covered": 0.0, "percent_covered_display": "0", "missing_lines": 3, "excluded_lines": 0, "num_branches": 0, "num_partial_branches": 0, "covered_branches": 0, "missing_branches": 0}, "missing_lines": [34, 35, 36], "excluded_lines": [], "executed_branches": [], "missing_branches": []}, "ServiceRegistry.register_service": {"executed_lines": [], "summary": {"covered_lines": 0, "num_statements": 15, "percent_covered": 0.0, "percent_covered_display": "0", "missing_lines": 15, "excluded_lines": 0, "num_branches": 4, "num_partial_branches": 0, "covered_branches": 0, "missing_branches": 4}, "missing_lines": [52, 53, 54, 57, 58, 62, 70, 73, 74, 81, 87, 88, 97, 99, 109], "excluded_lines": [], "executed_branches": [], "missing_branches": [[57, 58], [57, 70], [73, 74], [73, 87]]}, "ServiceRegistry.get_service": {"executed_lines": [], "summary": {"covered_lines": 0, "num_statements": 6, "percent_covered": 0.0, "percent_covered_display": "0", "missing_lines": 6, "excluded_lines": 0, "num_branches": 2, "num_partial_branches": 0, "covered_branches": 0, "missing_branches": 2}, "missing_lines": [129, 130, 131, 136, 137, 148], "excluded_lines": [], "executed_branches": [], "missing_branches": [[130, 131], [130, 136]]}, "ServiceRegistry.list_services": {"executed_lines": [], "summary": {"covered_lines": 0, "num_statements": 7, "percent_covered": 0.0, "percent_covered_display": "0", "missing_lines": 7, "excluded_lines": 0, "num_branches": 2, "num_partial_branches": 0, "covered_branches": 0, "missing_branches": 2}, "missing_lines": [161, 162, 164, 165, 176, 185, 193], "excluded_lines": [], "executed_branches": [], "missing_branches": [[164, 165], [164, 185]]}, "ServiceRegistry.update_heartbeat": {"executed_lines": [], "summary": {"covered_lines": 0, "num_statements": 9, "percent_covered": 0.0, "percent_covered_display": "0", "missing_lines": 9, "excluded_lines": 0, "num_branches": 4, "num_partial_branches": 0, "covered_branches": 0, "missing_branches": 4}, "missing_lines": [208, 209, 210, 215, 216, 218, 219, 224, 226], "excluded_lines": [], "executed_branches": [], "missing_branches": [[209, 210], [209, 215], [218, 219], [218, 224]]}, "ServiceRegistry.unregister_instance": {"executed_lines": [], "summary": {"covered_lines": 0, "num_statements": 11, "percent_covered": 0.0, "percent_covered_display": "0", "missing_lines": 11, "excluded_lines": 0, "num_branches": 6, "num_partial_branches": 0, "covered_branches": 0, "missing_branches": 6}, "missing_lines": [245, 246, 247, 252, 253, 255, 256, 262, 263, 264, 269], "excluded_lines": [], "executed_branches": [], "missing_branches": [[246, 247], [246, 252], [255, 256], [255, 262], [262, 263], [262, 269]]}, "ServiceRegistry.check_health": {"executed_lines": [], "summary": {"covered_lines": 0, "num_statements": 15, "percent_covered": 0.0, "percent_covered_display": "0", "missing_lines": 15, "excluded_lines": 0, "num_branches": 4, "num_partial_branches": 0, "covered_branches": 0, "missing_branches": 4}, "missing_lines": [289, 290, 291, 292, 293, 295, 296, 297, 299, 300, 302, 303, 311, 321, 326], "excluded_lines": [], "executed_branches": [], "missing_branches": [[295, 296], [295, 311], [302, 295], [302, 303]]}, "": {"executed_lines": [1, 3, 5, 6, 7, 9, 17, 18, 19, 20, 22, 25, 26, 32, 38, 117, 155, 198, 235, 280], "summary": {"covered_lines": 18, "num_statements": 18, "percent_covered": 100.0, "percent_covered_display": "100", "missing_lines": 0, "excluded_lines": 0, "num_branches": 0, "num_partial_branches": 0, "covered_branches": 0, "missing_branches": 0}, "missing_lines": [], "excluded_lines": [], "executed_branches": [], "missing_branches": []}}, "classes": {"ServiceRegistry": {"executed_lines": [], "summary": {"covered_lines": 0, "num_statements": 66, "percent_covered": 0.0, "percent_covered_display": "0", "missing_lines": 66, "excluded_lines": 0, "num_branches": 22, "num_partial_branches": 0, "covered_branches": 0, "missing_branches": 22}, "missing_lines": [34, 35, 36, 52, 53, 54, 57, 58, 62, 70, 73, 74, 81, 87, 88, 97, 99, 109, 129, 130, 131, 136, 137, 148, 161, 162, 164, 165, 176, 185, 193, 208, 209, 210, 215, 216, 218, 219, 224, 226, 245, 246, 247, 252, 253, 255, 256, 262, 263, 264, 269, 289, 290, 291, 292, 293, 295, 296, 297, 299, 300, 302, 303, 311, 321, 326], "excluded_lines": [], "executed_branches": [], "missing_branches": [[57, 58], [57, 70], [73, 74], [73, 87], [130, 131], [130, 136], [164, 165], [164, 185], [209, 210], [209, 215], [218, 219], [218, 224], [246, 247], [246, 252], [255, 256], [255, 262], [262, 263], [262, 269], [295, 296], [295, 311], [302, 295], [302, 303]]}, "": {"executed_lines": [1, 3, 5, 6, 7, 9, 17, 18, 19, 20, 22, 25, 26, 32, 38, 117, 155, 198, 235, 280], "summary": {"covered_lines": 18, "num_statements": 18, "percent_covered": 100.0, "percent_covered_display": "100", "missing_lines": 0, "excluded_lines": 0, "num_branches": 0, "num_partial_branches": 0, "covered_branches": 0, "missing_branches": 0}, "missing_lines": [], "excluded_lines": [], "executed_branches": [], "missing_branches": []}}}, "packages/ipc_router/ipc_router/domain/entities/service.py": {"executed_lines": [1, 3, 5, 6, 7, 9, 12, 13, 14, 25, 26, 27, 28, 29, 30, 32, 36, 49, 50, 51, 60, 61, 62, 63, 65, 73, 84, 95, 108, 109, 113, 114], "summary": {"covered_lines": 29, "num_statements": 38, "percent_covered": 76.3157894736842, "percent_covered_display": "76", "missing_lines": 9, "excluded_lines": 0, "num_branches": 0, "num_partial_branches": 0, "covered_branches": 0, "missing_branches": 0}, "missing_lines": [34, 45, 46, 71, 82, 93, 104, 111, 116], "excluded_lines": [], "executed_branches": [], "missing_branches": [], "functions": {"ServiceInstance.update_heartbeat": {"executed_lines": [], "summary": {"covered_lines": 0, "num_statements": 1, "percent_covered": 0.0, "percent_covered_display": "0", "missing_lines": 1, "excluded_lines": 0, "num_branches": 0, "num_partial_branches": 0, "covered_branches": 0, "missing_branches": 0}, "missing_lines": [34], "excluded_lines": [], "executed_branches": [], "missing_branches": []}, "ServiceInstance.is_healthy": {"executed_lines": [], "summary": {"covered_lines": 0, "num_statements": 2, "percent_covered": 0.0, "percent_covered_display": "0", "missing_lines": 2, "excluded_lines": 0, "num_branches": 0, "num_partial_branches": 0, "covered_branches": 0, "missing_branches": 0}, "missing_lines": [45, 46], "excluded_lines": [], "executed_branches": [], "missing_branches": []}, "Service.add_instance": {"executed_lines": [], "summary": {"covered_lines": 0, "num_statements": 1, "percent_covered": 0.0, "percent_covered_display": "0", "missing_lines": 1, "excluded_lines": 0, "num_branches": 0, "num_partial_branches": 0, "covered_branches": 0, "missing_branches": 0}, "missing_lines": [71], "excluded_lines": [], "executed_branches": [], "missing_branches": []}, "Service.remove_instance": {"executed_lines": [], "summary": {"covered_lines": 0, "num_statements": 1, "percent_covered": 0.0, "percent_covered_display": "0", "missing_lines": 1, "excluded_lines": 0, "num_branches": 0, "num_partial_branches": 0, "covered_branches": 0, "missing_branches": 0}, "missing_lines": [82], "excluded_lines": [], "executed_branches": [], "missing_branches": []}, "Service.get_instance": {"executed_lines": [], "summary": {"covered_lines": 0, "num_statements": 1, "percent_covered": 0.0, "percent_covered_display": "0", "missing_lines": 1, "excluded_lines": 0, "num_branches": 0, "num_partial_branches": 0, "covered_branches": 0, "missing_branches": 0}, "missing_lines": [93], "excluded_lines": [], "executed_branches": [], "missing_branches": []}, "Service.get_healthy_instances": {"executed_lines": [], "summary": {"covered_lines": 0, "num_statements": 1, "percent_covered": 0.0, "percent_covered_display": "0", "missing_lines": 1, "excluded_lines": 0, "num_branches": 0, "num_partial_branches": 0, "covered_branches": 0, "missing_branches": 0}, "missing_lines": [104], "excluded_lines": [], "executed_branches": [], "missing_branches": []}, "Service.instance_count": {"executed_lines": [], "summary": {"covered_lines": 0, "num_statements": 1, "percent_covered": 0.0, "percent_covered_display": "0", "missing_lines": 1, "excluded_lines": 0, "num_branches": 0, "num_partial_branches": 0, "covered_branches": 0, "missing_branches": 0}, "missing_lines": [111], "excluded_lines": [], "executed_branches": [], "missing_branches": []}, "Service.healthy_instance_count": {"executed_lines": [], "summary": {"covered_lines": 0, "num_statements": 1, "percent_covered": 0.0, "percent_covered_display": "0", "missing_lines": 1, "excluded_lines": 0, "num_branches": 0, "num_partial_branches": 0, "covered_branches": 0, "missing_branches": 0}, "missing_lines": [116], "excluded_lines": [], "executed_branches": [], "missing_branches": []}, "": {"executed_lines": [1, 3, 5, 6, 7, 9, 12, 13, 14, 25, 26, 27, 28, 29, 30, 32, 36, 49, 50, 51, 60, 61, 62, 63, 65, 73, 84, 95, 108, 109, 113, 114], "summary": {"covered_lines": 29, "num_statements": 29, "percent_covered": 100.0, "percent_covered_display": "100", "missing_lines": 0, "excluded_lines": 0, "num_branches": 0, "num_partial_branches": 0, "covered_branches": 0, "missing_branches": 0}, "missing_lines": [], "excluded_lines": [], "executed_branches": [], "missing_branches": []}}, "classes": {"ServiceInstance": {"executed_lines": [], "summary": {"covered_lines": 0, "num_statements": 3, "percent_covered": 0.0, "percent_covered_display": "0", "missing_lines": 3, "excluded_lines": 0, "num_branches": 0, "num_partial_branches": 0, "covered_branches": 0, "missing_branches": 0}, "missing_lines": [34, 45, 46], "excluded_lines": [], "executed_branches": [], "missing_branches": []}, "Service": {"executed_lines": [], "summary": {"covered_lines": 0, "num_statements": 6, "percent_covered": 0.0, "percent_covered_display": "0", "missing_lines": 6, "excluded_lines": 0, "num_branches": 0, "num_partial_branches": 0, "covered_branches": 0, "missing_branches": 0}, "missing_lines": [71, 82, 93, 104, 111, 116], "excluded_lines": [], "executed_branches": [], "missing_branches": []}, "": {"executed_lines": [1, 3, 5, 6, 7, 9, 12, 13, 14, 25, 26, 27, 28, 29, 30, 32, 36, 49, 50, 51, 60, 61, 62, 63, 65, 73, 84, 95, 108, 109, 113, 114], "summary": {"covered_lines": 29, "num_statements": 29, "percent_covered": 100.0, "percent_covered_display": "100", "missing_lines": 0, "excluded_lines": 0, "num_branches": 0, "num_partial_branches": 0, "covered_branches": 0, "missing_branches": 0}, "missing_lines": [], "excluded_lines": [], "executed_branches": [], "missing_branches": []}}}, "packages/ipc_router/ipc_router/domain/enums.py": {"executed_lines": [1, 3, 5, 8, 9, 11, 12, 13], "summary": {"covered_lines": 6, "num_statements": 6, "percent_covered": 100.0, "percent_covered_display": "100", "missing_lines": 0, "excluded_lines": 0, "num_branches": 0, "num_partial_branches": 0, "covered_branches": 0, "missing_branches": 0}, "missing_lines": [], "excluded_lines": [], "executed_branches": [], "missing_branches": [], "functions": {"": {"executed_lines": [1, 3, 5, 8, 9, 11, 12, 13], "summary": {"covered_lines": 6, "num_statements": 6, "percent_covered": 100.0, "percent_covered_display": "100", "missing_lines": 0, "excluded_lines": 0, "num_branches": 0, "num_partial_branches": 0, "covered_branches": 0, "missing_branches": 0}, "missing_lines": [], "excluded_lines": [], "executed_branches": [], "missing_branches": []}}, "classes": {"ServiceStatus": {"executed_lines": [], "summary": {"covered_lines": 0, "num_statements": 0, "percent_covered": 100.0, "percent_covered_display": "100", "missing_lines": 0, "excluded_lines": 0, "num_branches": 0, "num_partial_branches": 0, "covered_branches": 0, "missing_branches": 0}, "missing_lines": [], "excluded_lines": [], "executed_branches": [], "missing_branches": []}, "": {"executed_lines": [1, 3, 5, 8, 9, 11, 12, 13], "summary": {"covered_lines": 6, "num_statements": 6, "percent_covered": 100.0, "percent_covered_display": "100", "missing_lines": 0, "excluded_lines": 0, "num_branches": 0, "num_partial_branches": 0, "covered_branches": 0, "missing_branches": 0}, "missing_lines": [], "excluded_lines": [], "executed_branches": [], "missing_branches": []}}}, "packages/ipc_router/ipc_router/domain/exceptions.py": {"executed_lines": [1, 8, 11, 12, 14, 34, 35, 37, 40, 41, 43, 58, 59, 61, 79, 80, 82, 99, 100, 102, 122, 123, 125, 144, 145, 147, 150, 151, 153, 173, 174, 176, 194, 195, 197, 200, 201, 203, 227, 228, 230], "summary": {"covered_lines": 27, "num_statements": 63, "percent_covered": 38.028169014084504, "percent_covered_display": "38", "missing_lines": 36, "excluded_lines": 0, "num_branches": 8, "num_partial_branches": 0, "covered_branches": 0, "missing_branches": 8}, "missing_lines": [28, 29, 30, 31, 52, 53, 54, 55, 70, 71, 76, 93, 94, 95, 96, 112, 113, 119, 134, 137, 162, 163, 164, 165, 170, 185, 186, 191, 215, 216, 217, 218, 224, 239, 240, 245], "excluded_lines": [], "executed_branches": [], "missing_branches": [[53, 54], [53, 55], [94, 95], [94, 96], [163, 164], [163, 165], [216, 217], [216, 218]], "functions": {"AegisIPCError.__init__": {"executed_lines": [], "summary": {"covered_lines": 0, "num_statements": 4, "percent_covered": 0.0, "percent_covered_display": "0", "missing_lines": 4, "excluded_lines": 0, "num_branches": 0, "num_partial_branches": 0, "covered_branches": 0, "missing_branches": 0}, "missing_lines": [28, 29, 30, 31], "excluded_lines": [], "executed_branches": [], "missing_branches": []}, "ValidationError.__init__": {"executed_lines": [], "summary": {"covered_lines": 0, "num_statements": 4, "percent_covered": 0.0, "percent_covered_display": "0", "missing_lines": 4, "excluded_lines": 0, "num_branches": 2, "num_partial_branches": 0, "covered_branches": 0, "missing_branches": 2}, "missing_lines": [52, 53, 54, 55], "excluded_lines": [], "executed_branches": [], "missing_branches": [[53, 54], [53, 55]]}, "NotFoundError.__init__": {"executed_lines": [], "summary": {"covered_lines": 0, "num_statements": 3, "percent_covered": 0.0, "percent_covered_display": "0", "missing_lines": 3, "excluded_lines": 0, "num_branches": 0, "num_partial_branches": 0, "covered_branches": 0, "missing_branches": 0}, "missing_lines": [70, 71, 76], "excluded_lines": [], "executed_branches": [], "missing_branches": []}, "ConflictError.__init__": {"executed_lines": [], "summary": {"covered_lines": 0, "num_statements": 4, "percent_covered": 0.0, "percent_covered_display": "0", "missing_lines": 4, "excluded_lines": 0, "num_branches": 2, "num_partial_branches": 0, "covered_branches": 0, "missing_branches": 2}, "missing_lines": [93, 94, 95, 96], "excluded_lines": [], "executed_branches": [], "missing_branches": [[94, 95], [94, 96]]}, "ServiceRegistrationError.__init__": {"executed_lines": [], "summary": {"covered_lines": 0, "num_statements": 3, "percent_covered": 0.0, "percent_covered_display": "0", "missing_lines": 3, "excluded_lines": 0, "num_branches": 0, "num_partial_branches": 0, "covered_branches": 0, "missing_branches": 0}, "missing_lines": [112, 113, 119], "excluded_lines": [], "executed_branches": [], "missing_branches": []}, "DuplicateServiceInstanceError.__init__": {"executed_lines": [], "summary": {"covered_lines": 0, "num_statements": 2, "percent_covered": 0.0, "percent_covered_display": "0", "missing_lines": 2, "excluded_lines": 0, "num_branches": 0, "num_partial_branches": 0, "covered_branches": 0, "missing_branches": 0}, "missing_lines": [134, 137], "excluded_lines": [], "executed_branches": [], "missing_branches": []}, "ServiceUnavailableError.__init__": {"executed_lines": [], "summary": {"covered_lines": 0, "num_statements": 5, "percent_covered": 0.0, "percent_covered_display": "0", "missing_lines": 5, "excluded_lines": 0, "num_branches": 2, "num_partial_branches": 0, "covered_branches": 0, "missing_branches": 2}, "missing_lines": [162, 163, 164, 165, 170], "excluded_lines": [], "executed_branches": [], "missing_branches": [[163, 164], [163, 165]]}, "TimeoutError.__init__": {"executed_lines": [], "summary": {"covered_lines": 0, "num_statements": 3, "percent_covered": 0.0, "percent_covered_display": "0", "missing_lines": 3, "excluded_lines": 0, "num_branches": 0, "num_partial_branches": 0, "covered_branches": 0, "missing_branches": 0}, "missing_lines": [185, 186, 191], "excluded_lines": [], "executed_branches": [], "missing_branches": []}, "ConnectionError.__init__": {"executed_lines": [], "summary": {"covered_lines": 0, "num_statements": 5, "percent_covered": 0.0, "percent_covered_display": "0", "missing_lines": 5, "excluded_lines": 0, "num_branches": 2, "num_partial_branches": 0, "covered_branches": 0, "missing_branches": 2}, "missing_lines": [215, 216, 217, 218, 224], "excluded_lines": [], "executed_branches": [], "missing_branches": [[216, 217], [216, 218]]}, "ConfigurationError.__init__": {"executed_lines": [], "summary": {"covered_lines": 0, "num_statements": 3, "percent_covered": 0.0, "percent_covered_display": "0", "missing_lines": 3, "excluded_lines": 0, "num_branches": 0, "num_partial_branches": 0, "covered_branches": 0, "missing_branches": 0}, "missing_lines": [239, 240, 245], "excluded_lines": [], "executed_branches": [], "missing_branches": []}, "": {"executed_lines": [1, 8, 11, 12, 14, 34, 35, 37, 40, 41, 43, 58, 59, 61, 79, 80, 82, 99, 100, 102, 122, 123, 125, 144, 145, 147, 150, 151, 153, 173, 174, 176, 194, 195, 197, 200, 201, 203, 227, 228, 230], "summary": {"covered_lines": 27, "num_statements": 27, "percent_covered": 100.0, "percent_covered_display": "100", "missing_lines": 0, "excluded_lines": 0, "num_branches": 0, "num_partial_branches": 0, "covered_branches": 0, "missing_branches": 0}, "missing_lines": [], "excluded_lines": [], "executed_branches": [], "missing_branches": []}}, "classes": {"AegisIPCError": {"executed_lines": [], "summary": {"covered_lines": 0, "num_statements": 4, "percent_covered": 0.0, "percent_covered_display": "0", "missing_lines": 4, "excluded_lines": 0, "num_branches": 0, "num_partial_branches": 0, "covered_branches": 0, "missing_branches": 0}, "missing_lines": [28, 29, 30, 31], "excluded_lines": [], "executed_branches": [], "missing_branches": []}, "DomainError": {"executed_lines": [], "summary": {"covered_lines": 0, "num_statements": 0, "percent_covered": 100.0, "percent_covered_display": "100", "missing_lines": 0, "excluded_lines": 0, "num_branches": 0, "num_partial_branches": 0, "covered_branches": 0, "missing_branches": 0}, "missing_lines": [], "excluded_lines": [], "executed_branches": [], "missing_branches": []}, "ValidationError": {"executed_lines": [], "summary": {"covered_lines": 0, "num_statements": 4, "percent_covered": 0.0, "percent_covered_display": "0", "missing_lines": 4, "excluded_lines": 0, "num_branches": 2, "num_partial_branches": 0, "covered_branches": 0, "missing_branches": 2}, "missing_lines": [52, 53, 54, 55], "excluded_lines": [], "executed_branches": [], "missing_branches": [[53, 54], [53, 55]]}, "NotFoundError": {"executed_lines": [], "summary": {"covered_lines": 0, "num_statements": 3, "percent_covered": 0.0, "percent_covered_display": "0", "missing_lines": 3, "excluded_lines": 0, "num_branches": 0, "num_partial_branches": 0, "covered_branches": 0, "missing_branches": 0}, "missing_lines": [70, 71, 76], "excluded_lines": [], "executed_branches": [], "missing_branches": []}, "ConflictError": {"executed_lines": [], "summary": {"covered_lines": 0, "num_statements": 4, "percent_covered": 0.0, "percent_covered_display": "0", "missing_lines": 4, "excluded_lines": 0, "num_branches": 2, "num_partial_branches": 0, "covered_branches": 0, "missing_branches": 2}, "missing_lines": [93, 94, 95, 96], "excluded_lines": [], "executed_branches": [], "missing_branches": [[94, 95], [94, 96]]}, "ServiceRegistrationError": {"executed_lines": [], "summary": {"covered_lines": 0, "num_statements": 3, "percent_covered": 0.0, "percent_covered_display": "0", "missing_lines": 3, "excluded_lines": 0, "num_branches": 0, "num_partial_branches": 0, "covered_branches": 0, "missing_branches": 0}, "missing_lines": [112, 113, 119], "excluded_lines": [], "executed_branches": [], "missing_branches": []}, "DuplicateServiceInstanceError": {"executed_lines": [], "summary": {"covered_lines": 0, "num_statements": 2, "percent_covered": 0.0, "percent_covered_display": "0", "missing_lines": 2, "excluded_lines": 0, "num_branches": 0, "num_partial_branches": 0, "covered_branches": 0, "missing_branches": 0}, "missing_lines": [134, 137], "excluded_lines": [], "executed_branches": [], "missing_branches": []}, "ApplicationError": {"executed_lines": [], "summary": {"covered_lines": 0, "num_statements": 0, "percent_covered": 100.0, "percent_covered_display": "100", "missing_lines": 0, "excluded_lines": 0, "num_branches": 0, "num_partial_branches": 0, "covered_branches": 0, "missing_branches": 0}, "missing_lines": [], "excluded_lines": [], "executed_branches": [], "missing_branches": []}, "ServiceUnavailableError": {"executed_lines": [], "summary": {"covered_lines": 0, "num_statements": 5, "percent_covered": 0.0, "percent_covered_display": "0", "missing_lines": 5, "excluded_lines": 0, "num_branches": 2, "num_partial_branches": 0, "covered_branches": 0, "missing_branches": 2}, "missing_lines": [162, 163, 164, 165, 170], "excluded_lines": [], "executed_branches": [], "missing_branches": [[163, 164], [163, 165]]}, "TimeoutError": {"executed_lines": [], "summary": {"covered_lines": 0, "num_statements": 3, "percent_covered": 0.0, "percent_covered_display": "0", "missing_lines": 3, "excluded_lines": 0, "num_branches": 0, "num_partial_branches": 0, "covered_branches": 0, "missing_branches": 0}, "missing_lines": [185, 186, 191], "excluded_lines": [], "executed_branches": [], "missing_branches": []}, "InfrastructureError": {"executed_lines": [], "summary": {"covered_lines": 0, "num_statements": 0, "percent_covered": 100.0, "percent_covered_display": "100", "missing_lines": 0, "excluded_lines": 0, "num_branches": 0, "num_partial_branches": 0, "covered_branches": 0, "missing_branches": 0}, "missing_lines": [], "excluded_lines": [], "executed_branches": [], "missing_branches": []}, "ConnectionError": {"executed_lines": [], "summary": {"covered_lines": 0, "num_statements": 5, "percent_covered": 0.0, "percent_covered_display": "0", "missing_lines": 5, "excluded_lines": 0, "num_branches": 2, "num_partial_branches": 0, "covered_branches": 0, "missing_branches": 2}, "missing_lines": [215, 216, 217, 218, 224], "excluded_lines": [], "executed_branches": [], "missing_branches": [[216, 217], [216, 218]]}, "ConfigurationError": {"executed_lines": [], "summary": {"covered_lines": 0, "num_statements": 3, "percent_covered": 0.0, "percent_covered_display": "0", "missing_lines": 3, "excluded_lines": 0, "num_branches": 0, "num_partial_branches": 0, "covered_branches": 0, "missing_branches": 0}, "missing_lines": [239, 240, 245], "excluded_lines": [], "executed_branches": [], "missing_branches": []}, "": {"executed_lines": [1, 8, 11, 12, 14, 34, 35, 37, 40, 41, 43, 58, 59, 61, 79, 80, 82, 99, 100, 102, 122, 123, 125, 144, 145, 147, 150, 151, 153, 173, 174, 176, 194, 195, 197, 200, 201, 203, 227, 228, 230], "summary": {"covered_lines": 27, "num_statements": 27, "percent_covered": 100.0, "percent_covered_display": "100", "missing_lines": 0, "excluded_lines": 0, "num_branches": 0, "num_partial_branches": 0, "covered_branches": 0, "missing_branches": 0}, "missing_lines": [], "excluded_lines": [], "executed_branches": [], "missing_branches": []}}}, "packages/ipc_router/ipc_router/infrastructure/logging.py": {"executed_lines": [1, 3, 4, 5, 6, 7, 8, 9, 11, 14, 15, 17, 18, 19, 20, 21, 24, 25, 27, 28, 32, 36, 37, 38, 39, 43, 47, 52, 53, 54, 61, 62, 64, 113, 157, 167, 171, 183], "summary": {"covered_lines": 34, "num_statements": 66, "percent_covered": 41.46341463414634, "percent_covered_display": "41", "missing_lines": 32, "excluded_lines": 0, "num_branches": 16, "num_partial_branches": 0, "covered_branches": 0, "missing_branches": 16}, "missing_lines": [56, 57, 58, 66, 67, 69, 80, 81, 84, 85, 108, 110, 120, 121, 124, 125, 126, 130, 131, 133, 136, 137, 138, 139, 142, 143, 149, 150, 153, 154, 180, 194], "excluded_lines": [], "executed_branches": [], "missing_branches": [[56, 57], [56, 58], [80, 81], [80, 84], [84, 85], [84, 110], [85, 84], [85, 108], [120, 121], [120, 124], [130, 131], [130, 133], [136, 137], [136, 142], [142, 143], [142, 153]], "functions": {"LoggingConfig.validate_file_path": {"executed_lines": [], "summary": {"covered_lines": 0, "num_statements": 3, "percent_covered": 0.0, "percent_covered_display": "0", "missing_lines": 3, "excluded_lines": 0, "num_branches": 2, "num_partial_branches": 0, "covered_branches": 0, "missing_branches": 2}, "missing_lines": [56, 57, 58], "excluded_lines": [], "executed_branches": [], "missing_branches": [[56, 57], [56, 58]]}, "StructuredFormatter.format": {"executed_lines": [], "summary": {"covered_lines": 0, "num_statements": 9, "percent_covered": 0.0, "percent_covered_display": "0", "missing_lines": 9, "excluded_lines": 0, "num_branches": 6, "num_partial_branches": 0, "covered_branches": 0, "missing_branches": 6}, "missing_lines": [66, 67, 69, 80, 81, 84, 85, 108, 110], "excluded_lines": [], "executed_branches": [], "missing_branches": [[80, 81], [80, 84], [84, 85], [84, 110], [85, 84], [85, 108]]}, "setup_logging": {"executed_lines": [], "summary": {"covered_lines": 0, "num_statements": 18, "percent_covered": 0.0, "percent_covered_display": "0", "missing_lines": 18, "excluded_lines": 0, "num_branches": 8, "num_partial_branches": 0, "covered_branches": 0, "missing_branches": 8}, "missing_lines": [120, 121, 124, 125, 126, 130, 131, 133, 136, 137, 138, 139, 142, 143, 149, 150, 153, 154], "excluded_lines": [], "executed_branches": [], "missing_branches": [[120, 121], [120, 124], [130, 131], [130, 133], [136, 137], [136, 142], [142, 143], [142, 153]]}, "get_logger": {"executed_lines": [167], "summary": {"covered_lines": 1, "num_statements": 1, "percent_covered": 100.0, "percent_covered_display": "100", "missing_lines": 0, "excluded_lines": 0, "num_branches": 0, "num_partial_branches": 0, "covered_branches": 0, "missing_branches": 0}, "missing_lines": [], "excluded_lines": [], "executed_branches": [], "missing_branches": []}, "log_with_context": {"executed_lines": [], "summary": {"covered_lines": 0, "num_statements": 1, "percent_covered": 0.0, "percent_covered_display": "0", "missing_lines": 1, "excluded_lines": 0, "num_branches": 0, "num_partial_branches": 0, "covered_branches": 0, "missing_branches": 0}, "missing_lines": [180], "excluded_lines": [], "executed_branches": [], "missing_branches": []}, "log_error_with_trace": {"executed_lines": [], "summary": {"covered_lines": 0, "num_statements": 1, "percent_covered": 0.0, "percent_covered_display": "0", "missing_lines": 1, "excluded_lines": 0, "num_branches": 0, "num_partial_branches": 0, "covered_branches": 0, "missing_branches": 0}, "missing_lines": [194], "excluded_lines": [], "executed_branches": [], "missing_branches": []}, "": {"executed_lines": [1, 3, 4, 5, 6, 7, 8, 9, 11, 14, 15, 17, 18, 19, 20, 21, 24, 25, 27, 28, 32, 36, 37, 38, 39, 43, 47, 52, 53, 54, 61, 62, 64, 113, 157, 171, 183], "summary": {"covered_lines": 33, "num_statements": 33, "percent_covered": 100.0, "percent_covered_display": "100", "missing_lines": 0, "excluded_lines": 0, "num_branches": 0, "num_partial_branches": 0, "covered_branches": 0, "missing_branches": 0}, "missing_lines": [], "excluded_lines": [], "executed_branches": [], "missing_branches": []}}, "classes": {"LogLevel": {"executed_lines": [], "summary": {"covered_lines": 0, "num_statements": 0, "percent_covered": 100.0, "percent_covered_display": "100", "missing_lines": 0, "excluded_lines": 0, "num_branches": 0, "num_partial_branches": 0, "covered_branches": 0, "missing_branches": 0}, "missing_lines": [], "excluded_lines": [], "executed_branches": [], "missing_branches": []}, "LoggingConfig": {"executed_lines": [], "summary": {"covered_lines": 0, "num_statements": 3, "percent_covered": 0.0, "percent_covered_display": "0", "missing_lines": 3, "excluded_lines": 0, "num_branches": 2, "num_partial_branches": 0, "covered_branches": 0, "missing_branches": 2}, "missing_lines": [56, 57, 58], "excluded_lines": [], "executed_branches": [], "missing_branches": [[56, 57], [56, 58]]}, "StructuredFormatter": {"executed_lines": [], "summary": {"covered_lines": 0, "num_statements": 9, "percent_covered": 0.0, "percent_covered_display": "0", "missing_lines": 9, "excluded_lines": 0, "num_branches": 6, "num_partial_branches": 0, "covered_branches": 0, "missing_branches": 6}, "missing_lines": [66, 67, 69, 80, 81, 84, 85, 108, 110], "excluded_lines": [], "executed_branches": [], "missing_branches": [[80, 81], [80, 84], [84, 85], [84, 110], [85, 84], [85, 108]]}, "": {"executed_lines": [1, 3, 4, 5, 6, 7, 8, 9, 11, 14, 15, 17, 18, 19, 20, 21, 24, 25, 27, 28, 32, 36, 37, 38, 39, 43, 47, 52, 53, 54, 61, 62, 64, 113, 157, 167, 171, 183], "summary": {"covered_lines": 34, "num_statements": 54, "percent_covered": 54.83870967741935, "percent_covered_display": "55", "missing_lines": 20, "excluded_lines": 0, "num_branches": 8, "num_partial_branches": 0, "covered_branches": 0, "missing_branches": 8}, "missing_lines": [120, 121, 124, 125, 126, 130, 131, 133, 136, 137, 138, 139, 142, 143, 149, 150, 153, 154, 180, 194], "excluded_lines": [], "executed_branches": [], "missing_branches": [[120, 121], [120, 124], [130, 131], [130, 133], [136, 137], [136, 142], [142, 143], [142, 153]]}}}, "packages/ipc_router/ipc_router/infrastructure/messaging/handlers/registration_handler.py": {"executed_lines": [1, 3, 5, 7, 9, 10, 11, 12, 13, 15, 18, 19, 25, 27, 42, 54, 140], "summary": {"covered_lines": 15, "num_statements": 41, "percent_covered": 34.883720930232556, "percent_covered_display": "35", "missing_lines": 26, "excluded_lines": 0, "num_branches": 2, "num_partial_branches": 0, "covered_branches": 0, "missing_branches": 2}, "missing_lines": [34, 35, 36, 44, 49, 61, 62, 63, 65, 67, 69, 79, 82, 93, 95, 104, 111, 113, 119, 126, 128, 133, 155, 156, 167, 168], "excluded_lines": [], "executed_branches": [], "missing_branches": [[61, 62], [61, 65]], "functions": {"RegistrationHandler.__init__": {"executed_lines": [], "summary": {"covered_lines": 0, "num_statements": 3, "percent_covered": 0.0, "percent_covered_display": "0", "missing_lines": 3, "excluded_lines": 0, "num_branches": 0, "num_partial_branches": 0, "covered_branches": 0, "missing_branches": 0}, "missing_lines": [34, 35, 36], "excluded_lines": [], "executed_branches": [], "missing_branches": []}, "RegistrationHandler.start": {"executed_lines": [], "summary": {"covered_lines": 0, "num_statements": 2, "percent_covered": 0.0, "percent_covered_display": "0", "missing_lines": 2, "excluded_lines": 0, "num_branches": 0, "num_partial_branches": 0, "covered_branches": 0, "missing_branches": 0}, "missing_lines": [44, 49], "excluded_lines": [], "executed_branches": [], "missing_branches": []}, "RegistrationHandler._handle_registration": {"executed_lines": [], "summary": {"covered_lines": 0, "num_statements": 17, "percent_covered": 0.0, "percent_covered_display": "0", "missing_lines": 17, "excluded_lines": 0, "num_branches": 2, "num_partial_branches": 0, "covered_branches": 0, "missing_branches": 2}, "missing_lines": [61, 62, 63, 65, 67, 69, 79, 82, 93, 95, 104, 111, 113, 119, 126, 128, 133], "excluded_lines": [], "executed_branches": [], "missing_branches": [[61, 62], [61, 65]]}, "RegistrationHandler._send_error_response": {"executed_lines": [], "summary": {"covered_lines": 0, "num_statements": 4, "percent_covered": 0.0, "percent_covered_display": "0", "missing_lines": 4, "excluded_lines": 0, "num_branches": 0, "num_partial_branches": 0, "covered_branches": 0, "missing_branches": 0}, "missing_lines": [155, 156, 167, 168], "excluded_lines": [], "executed_branches": [], "missing_branches": []}, "": {"executed_lines": [1, 3, 5, 7, 9, 10, 11, 12, 13, 15, 18, 19, 25, 27, 42, 54, 140], "summary": {"covered_lines": 15, "num_statements": 15, "percent_covered": 100.0, "percent_covered_display": "100", "missing_lines": 0, "excluded_lines": 0, "num_branches": 0, "num_partial_branches": 0, "covered_branches": 0, "missing_branches": 0}, "missing_lines": [], "excluded_lines": [], "executed_branches": [], "missing_branches": []}}, "classes": {"RegistrationHandler": {"executed_lines": [], "summary": {"covered_lines": 0, "num_statements": 26, "percent_covered": 0.0, "percent_covered_display": "0", "missing_lines": 26, "excluded_lines": 0, "num_branches": 2, "num_partial_branches": 0, "covered_branches": 0, "missing_branches": 2}, "missing_lines": [34, 35, 36, 44, 49, 61, 62, 63, 65, 67, 69, 79, 82, 93, 95, 104, 111, 113, 119, 126, 128, 133, 155, 156, 167, 168], "excluded_lines": [], "executed_branches": [], "missing_branches": [[61, 62], [61, 65]]}, "": {"executed_lines": [1, 3, 5, 7, 9, 10, 11, 12, 13, 15, 18, 19, 25, 27, 42, 54, 140], "summary": {"covered_lines": 15, "num_statements": 15, "percent_covered": 100.0, "percent_covered_display": "100", "missing_lines": 0, "excluded_lines": 0, "num_branches": 0, "num_partial_branches": 0, "covered_branches": 0, "missing_branches": 0}, "missing_lines": [], "excluded_lines": [], "executed_branches": [], "missing_branches": []}}}, "packages/ipc_router/ipc_router/infrastructure/messaging/nats_client.py": {"executed_lines": [1, 3, 5, 6, 7, 8, 10, 11, 12, 13, 15, 16, 18, 21, 22, 28, 51, 88, 107, 156, 226, 289, 300, 304, 309, 314, 319, 320], "summary": {"covered_lines": 26, "num_statements": 104, "percent_covered": 22.033898305084747, "percent_covered_display": "22", "missing_lines": 78, "excluded_lines": 0, "num_branches": 14, "num_partial_branches": 0, "covered_branches": 0, "missing_branches": 14}, "missing_lines": [43, 44, 45, 46, 47, 48, 49, 53, 54, 55, 57, 58, 68, 69, 76, 77, 82, 90, 91, 92, 95, 96, 97, 98, 100, 103, 104, 105, 122, 123, 129, 131, 133, 140, 148, 149, 154, 177, 178, 184, 186, 189, 197, 199, 208, 209, 210, 217, 218, 219, 224, 239, 240, 246, 248, 250, 253, 255, 256, 266, 267, 273, 279, 281, 291, 293, 294, 295, 297, 298, 302, 306, 307, 311, 312, 316, 317, 322], "excluded_lines": [], "executed_branches": [], "missing_branches": [[53, 54], [53, 57], [90, 91], [90, 95], [95, 96], [95, 100], [122, 123], [122, 129], [177, 178], [177, 184], [239, 240], [239, 246], [266, 267], [266, 273]], "functions": {"NATSClient.__init__": {"executed_lines": [], "summary": {"covered_lines": 0, "num_statements": 7, "percent_covered": 0.0, "percent_covered_display": "0", "missing_lines": 7, "excluded_lines": 0, "num_branches": 0, "num_partial_branches": 0, "covered_branches": 0, "missing_branches": 0}, "missing_lines": [43, 44, 45, 46, 47, 48, 49], "excluded_lines": [], "executed_branches": [], "missing_branches": []}, "NATSClient.connect": {"executed_lines": [], "summary": {"covered_lines": 0, "num_statements": 10, "percent_covered": 0.0, "percent_covered_display": "0", "missing_lines": 10, "excluded_lines": 0, "num_branches": 2, "num_partial_branches": 0, "covered_branches": 0, "missing_branches": 2}, "missing_lines": [53, 54, 55, 57, 58, 68, 69, 76, 77, 82], "excluded_lines": [], "executed_branches": [], "missing_branches": [[53, 54], [53, 57]]}, "NATSClient.disconnect": {"executed_lines": [], "summary": {"covered_lines": 0, "num_statements": 11, "percent_covered": 0.0, "percent_covered_display": "0", "missing_lines": 11, "excluded_lines": 0, "num_branches": 4, "num_partial_branches": 0, "covered_branches": 0, "missing_branches": 4}, "missing_lines": [90, 91, 92, 95, 96, 97, 98, 100, 103, 104, 105], "excluded_lines": [], "executed_branches": [], "missing_branches": [[90, 91], [90, 95], [95, 96], [95, 100]]}, "NATSClient.publish": {"executed_lines": [], "summary": {"covered_lines": 0, "num_statements": 9, "percent_covered": 0.0, "percent_covered_display": "0", "missing_lines": 9, "excluded_lines": 0, "num_branches": 2, "num_partial_branches": 0, "covered_branches": 0, "missing_branches": 2}, "missing_lines": [122, 123, 129, 131, 133, 140, 148, 149, 154], "excluded_lines": [], "executed_branches": [], "missing_branches": [[122, 123], [122, 129]]}, "NATSClient.request": {"executed_lines": [], "summary": {"covered_lines": 0, "num_statements": 14, "percent_covered": 0.0, "percent_covered_display": "0", "missing_lines": 14, "excluded_lines": 0, "num_branches": 2, "num_partial_branches": 0, "covered_branches": 0, "missing_branches": 2}, "missing_lines": [177, 178, 184, 186, 189, 197, 199, 208, 209, 210, 217, 218, 219, 224], "excluded_lines": [], "executed_branches": [], "missing_branches": [[177, 178], [177, 184]]}, "NATSClient.subscribe": {"executed_lines": [], "summary": {"covered_lines": 0, "num_statements": 8, "percent_covered": 0.0, "percent_covered_display": "0", "missing_lines": 8, "excluded_lines": 0, "num_branches": 4, "num_partial_branches": 0, "covered_branches": 0, "missing_branches": 4}, "missing_lines": [239, 240, 246, 266, 267, 273, 279, 281], "excluded_lines": [], "executed_branches": [], "missing_branches": [[239, 240], [239, 246], [266, 267], [266, 273]]}, "NATSClient.subscribe.message_handler": {"executed_lines": [], "summary": {"covered_lines": 0, "num_statements": 5, "percent_covered": 0.0, "percent_covered_display": "0", "missing_lines": 5, "excluded_lines": 0, "num_branches": 0, "num_partial_branches": 0, "covered_branches": 0, "missing_branches": 0}, "missing_lines": [248, 250, 253, 255, 256], "excluded_lines": [], "executed_branches": [], "missing_branches": []}, "NATSClient._subscription_handler": {"executed_lines": [], "summary": {"covered_lines": 0, "num_statements": 6, "percent_covered": 0.0, "percent_covered_display": "0", "missing_lines": 6, "excluded_lines": 0, "num_branches": 0, "num_partial_branches": 0, "covered_branches": 0, "missing_branches": 0}, "missing_lines": [291, 293, 294, 295, 297, 298], "excluded_lines": [], "executed_branches": [], "missing_branches": []}, "NATSClient._error_callback": {"executed_lines": [], "summary": {"covered_lines": 0, "num_statements": 1, "percent_covered": 0.0, "percent_covered_display": "0", "missing_lines": 1, "excluded_lines": 0, "num_branches": 0, "num_partial_branches": 0, "covered_branches": 0, "missing_branches": 0}, "missing_lines": [302], "excluded_lines": [], "executed_branches": [], "missing_branches": []}, "NATSClient._disconnected_callback": {"executed_lines": [], "summary": {"covered_lines": 0, "num_statements": 2, "percent_covered": 0.0, "percent_covered_display": "0", "missing_lines": 2, "excluded_lines": 0, "num_branches": 0, "num_partial_branches": 0, "covered_branches": 0, "missing_branches": 0}, "missing_lines": [306, 307], "excluded_lines": [], "executed_branches": [], "missing_branches": []}, "NATSClient._reconnected_callback": {"executed_lines": [], "summary": {"covered_lines": 0, "num_statements": 2, "percent_covered": 0.0, "percent_covered_display": "0", "missing_lines": 2, "excluded_lines": 0, "num_branches": 0, "num_partial_branches": 0, "covered_branches": 0, "missing_branches": 0}, "missing_lines": [311, 312], "excluded_lines": [], "executed_branches": [], "missing_branches": []}, "NATSClient._closed_callback": {"executed_lines": [], "summary": {"covered_lines": 0, "num_statements": 2, "percent_covered": 0.0, "percent_covered_display": "0", "missing_lines": 2, "excluded_lines": 0, "num_branches": 0, "num_partial_branches": 0, "covered_branches": 0, "missing_branches": 0}, "missing_lines": [316, 317], "excluded_lines": [], "executed_branches": [], "missing_branches": []}, "NATSClient.is_connected": {"executed_lines": [], "summary": {"covered_lines": 0, "num_statements": 1, "percent_covered": 0.0, "percent_covered_display": "0", "missing_lines": 1, "excluded_lines": 0, "num_branches": 0, "num_partial_branches": 0, "covered_branches": 0, "missing_branches": 0}, "missing_lines": [322], "excluded_lines": [], "executed_branches": [], "missing_branches": []}, "": {"executed_lines": [1, 3, 5, 6, 7, 8, 10, 11, 12, 13, 15, 16, 18, 21, 22, 28, 51, 88, 107, 156, 226, 289, 300, 304, 309, 314, 319, 320], "summary": {"covered_lines": 26, "num_statements": 26, "percent_covered": 100.0, "percent_covered_display": "100", "missing_lines": 0, "excluded_lines": 0, "num_branches": 0, "num_partial_branches": 0, "covered_branches": 0, "missing_branches": 0}, "missing_lines": [], "excluded_lines": [], "executed_branches": [], "missing_branches": []}}, "classes": {"NATSClient": {"executed_lines": [], "summary": {"covered_lines": 0, "num_statements": 78, "percent_covered": 0.0, "percent_covered_display": "0", "missing_lines": 78, "excluded_lines": 0, "num_branches": 14, "num_partial_branches": 0, "covered_branches": 0, "missing_branches": 14}, "missing_lines": [43, 44, 45, 46, 47, 48, 49, 53, 54, 55, 57, 58, 68, 69, 76, 77, 82, 90, 91, 92, 95, 96, 97, 98, 100, 103, 104, 105, 122, 123, 129, 131, 133, 140, 148, 149, 154, 177, 178, 184, 186, 189, 197, 199, 208, 209, 210, 217, 218, 219, 224, 239, 240, 246, 248, 250, 253, 255, 256, 266, 267, 273, 279, 281, 291, 293, 294, 295, 297, 298, 302, 306, 307, 311, 312, 316, 317, 322], "excluded_lines": [], "executed_branches": [], "missing_branches": [[53, 54], [53, 57], [90, 91], [90, 95], [95, 96], [95, 100], [122, 123], [122, 129], [177, 178], [177, 184], [239, 240], [239, 246], [266, 267], [266, 273]]}, "": {"executed_lines": [1, 3, 5, 6, 7, 8, 10, 11, 12, 13, 15, 16, 18, 21, 22, 28, 51, 88, 107, 156, 226, 289, 300, 304, 309, 314, 319, 320], "summary": {"covered_lines": 26, "num_statements": 26, "percent_covered": 100.0, "percent_covered_display": "100", "missing_lines": 0, "excluded_lines": 0, "num_branches": 0, "num_partial_branches": 0, "covered_branches": 0, "missing_branches": 0}, "missing_lines": [], "excluded_lines": [], "executed_branches": [], "missing_branches": []}}}, "packages/ipc_router/ipc_router/version.py": {"executed_lines": [1, 3], "summary": {"covered_lines": 1, "num_statements": 1, "percent_covered": 100.0, "percent_covered_display": "100", "missing_lines": 0, "excluded_lines": 0, "num_branches": 0, "num_partial_branches": 0, "covered_branches": 0, "missing_branches": 0}, "missing_lines": [], "excluded_lines": [], "executed_branches": [], "missing_branches": [], "functions": {"": {"executed_lines": [1, 3], "summary": {"covered_lines": 1, "num_statements": 1, "percent_covered": 100.0, "percent_covered_display": "100", "missing_lines": 0, "excluded_lines": 0, "num_branches": 0, "num_partial_branches": 0, "covered_branches": 0, "missing_branches": 0}, "missing_lines": [], "excluded_lines": [], "executed_branches": [], "missing_branches": []}}, "classes": {"": {"executed_lines": [1, 3], "summary": {"covered_lines": 1, "num_statements": 1, "percent_covered": 100.0, "percent_covered_display": "100", "missing_lines": 0, "excluded_lines": 0, "num_branches": 0, "num_partial_branches": 0, "covered_branches": 0, "missing_branches": 0}, "missing_lines": [], "excluded_lines": [], "executed_branches": [], "missing_branches": []}}}}, "totals": {"covered_lines": 297, "num_statements": 790, "percent_covered": 32.142857142857146, "percent_covered_display": "32", "missing_lines": 493, "excluded_lines": 0, "num_branches": 134, "num_partial_branches": 0, "covered_branches": 0, "missing_branches": 134}}
